Arguments: 
  C:\Program Files\nodejs\node.exe C:\Users\Eric Goldstein\AppData\Roaming\npm\node_modules\yarn\bin\yarn.js start

PATH: 
  C:\Users\Eric Goldstein\bin;C:\Program Files\Git\mingw64\bin;C:\Program Files\Git\usr\local\bin;C:\Program Files\Git\usr\bin;C:\Program Files\Git\usr\bin;C:\Program Files\Git\mingw64\bin;C:\Program Files\Git\usr\bin;C:\Users\Eric Goldstein\bin;C:\Program Files (x86)\Intel\iCLS Client;C:\Program Files\Intel\iCLS Client;C:\WINDOWS\system32;C:\WINDOWS;C:\WINDOWS\System32\Wbem;C:\WINDOWS\System32\WindowsPowerShell\v1.0;C:\Program Files (x86)\Intel\Intel(R) Management Engine Components\DAL;C:\Program Files\Intel\Intel(R) Management Engine Components\DAL;C:\Program Files (x86)\Intel\Intel(R) Management Engine Components\IPT;C:\Program Files\Intel\Intel(R) Management Engine Components\IPT;C:\Program Files\Intel\WiFi\bin;C:\Program Files\Common Files\Intel\WirelessCommon;C:\Program Files\Git\cmd;C:\Program Files\nodejs;C:\Program Files\MySQL\MySQL Utilities 1.6;C:\Program Files\MongoDB\Server\3.6\bin;C:\Users\Eric Goldstein\AppData\Local\Microsoft\WindowsApps;C:\Program Files\Heroku\bin;C:\Users\Eric Goldstein\AppData\Local\atom\bin;C:\Users\Eric Goldstein\AppData\Roaming\npm;%USERPROFILE%\AppData\Local\Microsoft\WindowsApps;C:\Program Files\Git\usr\bin\vendor_perl;C:\Program Files\Git\usr\bin\core_perl

Yarn version: 
  1.5.1

Node version: 
  8.9.4

Platform: 
  win32 x64

npm manifest: 
  {
    "name": "warfield-webscraper",
    "version": "1.0.0",
    "description": "web scraper app",
    "main": "server.js",
    "directories": {
      "test": "test"
    },
    "dependencies": {
      "body-parser": "^1.18.2",
      "cheerio": "^1.0.0-rc.2",
      "express": "^4.16.3",
      "express-handlebars": "^3.0.0",
      "moment": "^2.21.0",
      "mongoose": "^5.0.11",
      "morgan": "^1.9.0",
      "request": "^2.85.0"
    },
    "devDependencies": {},
    "scripts": {
      "test": "echo \"Error: no test specified\" && exit 1",
      "start": "node server.js"
    },
    "repository": {
      "type": "git",
      "url": "git+https://github.com/ericgoldstein/Warfield-Webscraper.git"
    },
    "author": "Eric Goldstein",
    "license": "ISC",
    "bugs": {
      "url": "https://github.com/ericgoldstein/Warfield-Webscraper/issues"
    },
    "homepage": "https://github.com/ericgoldstein/Warfield-Webscraper#readme"
  }

yarn manifest: 
  No manifest

Lockfile: 
  No lockfile

Trace: 
  Error: Command failed.
  Exit code: 3221225786
  Command: C:\WINDOWS\system32\cmd.exe
  Arguments: /d /s /c node server.js
  Directory: C:\Users\Eric Goldstein\Desktop\Warfield-Webscraper
  Output:
  
      at ProcessTermError.MessageError (C:\Users\Eric Goldstein\AppData\Roaming\npm\node_modules\yarn\lib\cli.js:186:110)
      at new ProcessTermError (C:\Users\Eric Goldstein\AppData\Roaming\npm\node_modules\yarn\lib\cli.js:226:113)
      at ChildProcess.<anonymous> (C:\Users\Eric Goldstein\AppData\Roaming\npm\node_modules\yarn\lib\cli.js:30281:17)
      at emitTwo (events.js:126:13)
      at ChildProcess.emit (events.js:214:7)
      at maybeClose (internal/child_process.js:925:16)
      at Process.ChildProcess._handle.onexit (internal/child_process.js:209:5)
